<?xml version="1.0" encoding="UTF-8"?>
<testsuite xmlns:xsi="http://www.w3.org/2001/XMLSchema-instance" xsi:noNamespaceSchemaLocation="https://maven.apache.org/surefire/maven-surefire-plugin/xsd/surefire-test-report.xsd" name="Main.TestClass" time="5.839" tests="1" errors="0" skipped="0" failures="0">
  <properties>
    <property name="sun.desktop" value="gnome"/>
    <property name="awt.toolkit" value="sun.awt.X11.XToolkit"/>
    <property name="java.specification.version" value="11"/>
    <property name="sun.cpu.isalist" value=""/>
    <property name="sun.jnu.encoding" value="UTF-8"/>
    <property name="java.class.path" value="/usr/local/google/home/simranmalik/PaisaChatApp/chat-service-on-gcp/target/test-classes:/usr/local/google/home/simranmalik/PaisaChatApp/chat-service-on-gcp/target/classes:/usr/local/google/home/simranmalik/.m2/repository/org/springframework/boot/spring-boot-starter-web/2.3.0.RELEASE/spring-boot-starter-web-2.3.0.RELEASE.jar:/usr/local/google/home/simranmalik/.m2/repository/org/springframework/boot/spring-boot-starter/2.3.0.RELEASE/spring-boot-starter-2.3.0.RELEASE.jar:/usr/local/google/home/simranmalik/.m2/repository/org/springframework/boot/spring-boot/2.3.0.RELEASE/spring-boot-2.3.0.RELEASE.jar:/usr/local/google/home/simranmalik/.m2/repository/org/springframework/boot/spring-boot-autoconfigure/2.3.0.RELEASE/spring-boot-autoconfigure-2.3.0.RELEASE.jar:/usr/local/google/home/simranmalik/.m2/repository/org/springframework/boot/spring-boot-starter-logging/2.3.0.RELEASE/spring-boot-starter-logging-2.3.0.RELEASE.jar:/usr/local/google/home/simranmalik/.m2/repository/ch/qos/logback/logback-classic/1.2.3/logback-classic-1.2.3.jar:/usr/local/google/home/simranmalik/.m2/repository/ch/qos/logback/logback-core/1.2.3/logback-core-1.2.3.jar:/usr/local/google/home/simranmalik/.m2/repository/org/apache/logging/log4j/log4j-to-slf4j/2.13.2/log4j-to-slf4j-2.13.2.jar:/usr/local/google/home/simranmalik/.m2/repository/org/apache/logging/log4j/log4j-api/2.13.2/log4j-api-2.13.2.jar:/usr/local/google/home/simranmalik/.m2/repository/org/slf4j/jul-to-slf4j/1.7.30/jul-to-slf4j-1.7.30.jar:/usr/local/google/home/simranmalik/.m2/repository/jakarta/annotation/jakarta.annotation-api/1.3.5/jakarta.annotation-api-1.3.5.jar:/usr/local/google/home/simranmalik/.m2/repository/org/yaml/snakeyaml/1.26/snakeyaml-1.26.jar:/usr/local/google/home/simranmalik/.m2/repository/org/springframework/boot/spring-boot-starter-json/2.3.0.RELEASE/spring-boot-starter-json-2.3.0.RELEASE.jar:/usr/local/google/home/simranmalik/.m2/repository/com/fasterxml/jackson/core/jackson-databind/2.11.0/jackson-databind-2.11.0.jar:/usr/local/google/home/simranmalik/.m2/repository/com/fasterxml/jackson/core/jackson-annotations/2.11.0/jackson-annotations-2.11.0.jar:/usr/local/google/home/simranmalik/.m2/repository/com/fasterxml/jackson/core/jackson-core/2.11.0/jackson-core-2.11.0.jar:/usr/local/google/home/simranmalik/.m2/repository/com/fasterxml/jackson/datatype/jackson-datatype-jdk8/2.11.0/jackson-datatype-jdk8-2.11.0.jar:/usr/local/google/home/simranmalik/.m2/repository/com/fasterxml/jackson/datatype/jackson-datatype-jsr310/2.11.0/jackson-datatype-jsr310-2.11.0.jar:/usr/local/google/home/simranmalik/.m2/repository/com/fasterxml/jackson/module/jackson-module-parameter-names/2.11.0/jackson-module-parameter-names-2.11.0.jar:/usr/local/google/home/simranmalik/.m2/repository/org/springframework/boot/spring-boot-starter-tomcat/2.3.0.RELEASE/spring-boot-starter-tomcat-2.3.0.RELEASE.jar:/usr/local/google/home/simranmalik/.m2/repository/org/apache/tomcat/embed/tomcat-embed-core/9.0.35/tomcat-embed-core-9.0.35.jar:/usr/local/google/home/simranmalik/.m2/repository/org/glassfish/jakarta.el/3.0.3/jakarta.el-3.0.3.jar:/usr/local/google/home/simranmalik/.m2/repository/org/apache/tomcat/embed/tomcat-embed-websocket/9.0.35/tomcat-embed-websocket-9.0.35.jar:/usr/local/google/home/simranmalik/.m2/repository/org/springframework/spring-web/5.2.6.RELEASE/spring-web-5.2.6.RELEASE.jar:/usr/local/google/home/simranmalik/.m2/repository/org/springframework/spring-beans/5.2.6.RELEASE/spring-beans-5.2.6.RELEASE.jar:/usr/local/google/home/simranmalik/.m2/repository/org/springframework/spring-webmvc/5.2.6.RELEASE/spring-webmvc-5.2.6.RELEASE.jar:/usr/local/google/home/simranmalik/.m2/repository/org/springframework/spring-aop/5.2.6.RELEASE/spring-aop-5.2.6.RELEASE.jar:/usr/local/google/home/simranmalik/.m2/repository/org/springframework/spring-context/5.2.6.RELEASE/spring-context-5.2.6.RELEASE.jar:/usr/local/google/home/simranmalik/.m2/repository/org/springframework/spring-expression/5.2.6.RELEASE/spring-expression-5.2.6.RELEASE.jar:/usr/local/google/home/simranmalik/.m2/repository/org/springframework/boot/spring-boot-starter-test/2.3.0.RELEASE/spring-boot-starter-test-2.3.0.RELEASE.jar:/usr/local/google/home/simranmalik/.m2/repository/org/springframework/boot/spring-boot-test/2.3.0.RELEASE/spring-boot-test-2.3.0.RELEASE.jar:/usr/local/google/home/simranmalik/.m2/repository/org/springframework/boot/spring-boot-test-autoconfigure/2.3.0.RELEASE/spring-boot-test-autoconfigure-2.3.0.RELEASE.jar:/usr/local/google/home/simranmalik/.m2/repository/com/jayway/jsonpath/json-path/2.4.0/json-path-2.4.0.jar:/usr/local/google/home/simranmalik/.m2/repository/net/minidev/json-smart/2.3/json-smart-2.3.jar:/usr/local/google/home/simranmalik/.m2/repository/net/minidev/accessors-smart/1.2/accessors-smart-1.2.jar:/usr/local/google/home/simranmalik/.m2/repository/org/ow2/asm/asm/5.0.4/asm-5.0.4.jar:/usr/local/google/home/simranmalik/.m2/repository/jakarta/xml/bind/jakarta.xml.bind-api/2.3.3/jakarta.xml.bind-api-2.3.3.jar:/usr/local/google/home/simranmalik/.m2/repository/jakarta/activation/jakarta.activation-api/1.2.2/jakarta.activation-api-1.2.2.jar:/usr/local/google/home/simranmalik/.m2/repository/org/assertj/assertj-core/3.16.1/assertj-core-3.16.1.jar:/usr/local/google/home/simranmalik/.m2/repository/org/hamcrest/hamcrest/2.2/hamcrest-2.2.jar:/usr/local/google/home/simranmalik/.m2/repository/org/junit/jupiter/junit-jupiter/5.6.2/junit-jupiter-5.6.2.jar:/usr/local/google/home/simranmalik/.m2/repository/org/junit/jupiter/junit-jupiter-api/5.6.2/junit-jupiter-api-5.6.2.jar:/usr/local/google/home/simranmalik/.m2/repository/org/apiguardian/apiguardian-api/1.1.0/apiguardian-api-1.1.0.jar:/usr/local/google/home/simranmalik/.m2/repository/org/opentest4j/opentest4j/1.2.0/opentest4j-1.2.0.jar:/usr/local/google/home/simranmalik/.m2/repository/org/junit/platform/junit-platform-commons/1.6.2/junit-platform-commons-1.6.2.jar:/usr/local/google/home/simranmalik/.m2/repository/org/junit/jupiter/junit-jupiter-params/5.6.2/junit-jupiter-params-5.6.2.jar:/usr/local/google/home/simranmalik/.m2/repository/org/junit/jupiter/junit-jupiter-engine/5.6.2/junit-jupiter-engine-5.6.2.jar:/usr/local/google/home/simranmalik/.m2/repository/org/junit/platform/junit-platform-engine/1.6.2/junit-platform-engine-1.6.2.jar:/usr/local/google/home/simranmalik/.m2/repository/org/mockito/mockito-core/3.3.3/mockito-core-3.3.3.jar:/usr/local/google/home/simranmalik/.m2/repository/net/bytebuddy/byte-buddy/1.10.10/byte-buddy-1.10.10.jar:/usr/local/google/home/simranmalik/.m2/repository/net/bytebuddy/byte-buddy-agent/1.10.10/byte-buddy-agent-1.10.10.jar:/usr/local/google/home/simranmalik/.m2/repository/org/objenesis/objenesis/2.6/objenesis-2.6.jar:/usr/local/google/home/simranmalik/.m2/repository/org/mockito/mockito-junit-jupiter/3.3.3/mockito-junit-jupiter-3.3.3.jar:/usr/local/google/home/simranmalik/.m2/repository/org/skyscreamer/jsonassert/1.5.0/jsonassert-1.5.0.jar:/usr/local/google/home/simranmalik/.m2/repository/com/vaadin/external/google/android-json/0.0.20131108.vaadin1/android-json-0.0.20131108.vaadin1.jar:/usr/local/google/home/simranmalik/.m2/repository/org/springframework/spring-core/5.2.6.RELEASE/spring-core-5.2.6.RELEASE.jar:/usr/local/google/home/simranmalik/.m2/repository/org/springframework/spring-jcl/5.2.6.RELEASE/spring-jcl-5.2.6.RELEASE.jar:/usr/local/google/home/simranmalik/.m2/repository/org/springframework/spring-test/5.2.6.RELEASE/spring-test-5.2.6.RELEASE.jar:/usr/local/google/home/simranmalik/.m2/repository/org/xmlunit/xmlunit-core/2.7.0/xmlunit-core-2.7.0.jar:/usr/local/google/home/simranmalik/.m2/repository/org/springframework/cloud/spring-cloud-gcp-starter-data-spanner/1.2.2.RELEASE/spring-cloud-gcp-starter-data-spanner-1.2.2.RELEASE.jar:/usr/local/google/home/simranmalik/.m2/repository/org/springframework/cloud/spring-cloud-gcp-starter/1.2.2.RELEASE/spring-cloud-gcp-starter-1.2.2.RELEASE.jar:/usr/local/google/home/simranmalik/.m2/repository/org/springframework/cloud/spring-cloud-gcp-core/1.2.2.RELEASE/spring-cloud-gcp-core-1.2.2.RELEASE.jar:/usr/local/google/home/simranmalik/.m2/repository/com/google/cloud/google-cloud-core/1.93.0/google-cloud-core-1.93.0.jar:/usr/local/google/home/simranmalik/.m2/repository/com/google/auto/value/auto-value-annotations/1.7/auto-value-annotations-1.7.jar:/usr/local/google/home/simranmalik/.m2/repository/com/google/auth/google-auth-library-credentials/0.20.0/google-auth-library-credentials-0.20.0.jar:/usr/local/google/home/simranmalik/.m2/repository/com/google/http-client/google-http-client-jackson2/1.34.2/google-http-client-jackson2-1.34.2.jar:/usr/local/google/home/simranmalik/.m2/repository/org/springframework/cloud/spring-cloud-gcp-autoconfigure/1.2.2.RELEASE/spring-cloud-gcp-autoconfigure-1.2.2.RELEASE.jar:/usr/local/google/home/simranmalik/.m2/repository/org/springframework/cloud/spring-cloud-gcp-data-spanner/1.2.2.RELEASE/spring-cloud-gcp-data-spanner-1.2.2.RELEASE.jar:/usr/local/google/home/simranmalik/.m2/repository/com/google/cloud/google-cloud-spanner/1.49.2/google-cloud-spanner-1.49.2.jar:/usr/local/google/home/simranmalik/.m2/repository/io/grpc/grpc-api/1.27.2/grpc-api-1.27.2.jar:/usr/local/google/home/simranmalik/.m2/repository/com/google/errorprone/error_prone_annotations/2.3.4/error_prone_annotations-2.3.4.jar:/usr/local/google/home/simranmalik/.m2/repository/org/codehaus/mojo/animal-sniffer-annotations/1.18/animal-sniffer-annotations-1.18.jar:/usr/local/google/home/simranmalik/.m2/repository/io/grpc/grpc-auth/1.27.2/grpc-auth-1.27.2.jar:/usr/local/google/home/simranmalik/.m2/repository/io/grpc/grpc-context/1.27.2/grpc-context-1.27.2.jar:/usr/local/google/home/simranmalik/.m2/repository/io/grpc/grpc-core/1.27.2/grpc-core-1.27.2.jar:/usr/local/google/home/simranmalik/.m2/repository/com/google/code/gson/gson/2.8.6/gson-2.8.6.jar:/usr/local/google/home/simranmalik/.m2/repository/com/google/android/annotations/4.1.1.4/annotations-4.1.1.4.jar:/usr/local/google/home/simranmalik/.m2/repository/io/perfmark/perfmark-api/0.19.0/perfmark-api-0.19.0.jar:/usr/local/google/home/simranmalik/.m2/repository/io/grpc/grpc-netty-shaded/1.27.2/grpc-netty-shaded-1.27.2.jar:/usr/local/google/home/simranmalik/.m2/repository/io/grpc/grpc-protobuf/1.27.2/grpc-protobuf-1.27.2.jar:/usr/local/google/home/simranmalik/.m2/repository/io/grpc/grpc-protobuf-lite/1.27.2/grpc-protobuf-lite-1.27.2.jar:/usr/local/google/home/simranmalik/.m2/repository/io/grpc/grpc-stub/1.27.2/grpc-stub-1.27.2.jar:/usr/local/google/home/simranmalik/.m2/repository/com/google/api/api-common/1.8.1/api-common-1.8.1.jar:/usr/local/google/home/simranmalik/.m2/repository/com/google/protobuf/protobuf-java/3.11.4/protobuf-java-3.11.4.jar:/usr/local/google/home/simranmalik/.m2/repository/com/google/protobuf/protobuf-java-util/3.11.4/protobuf-java-util-3.11.4.jar:/usr/local/google/home/simranmalik/.m2/repository/com/google/api/grpc/proto-google-common-protos/1.17.0/proto-google-common-protos-1.17.0.jar:/usr/local/google/home/simranmalik/.m2/repository/com/google/api/grpc/grpc-google-common-protos/1.17.0/grpc-google-common-protos-1.17.0.jar:/usr/local/google/home/simranmalik/.m2/repository/com/google/api/grpc/proto-google-iam-v1/0.13.0/proto-google-iam-v1-0.13.0.jar:/usr/local/google/home/simranmalik/.m2/repository/com/google/cloud/google-cloud-core-grpc/1.93.0/google-cloud-core-grpc-1.93.0.jar:/usr/local/google/home/simranmalik/.m2/repository/io/opencensus/opencensus-api/0.24.0/opencensus-api-0.24.0.jar:/usr/local/google/home/simranmalik/.m2/repository/io/opencensus/opencensus-contrib-grpc-util/0.24.0/opencensus-contrib-grpc-util-0.24.0.jar:/usr/local/google/home/simranmalik/.m2/repository/com/google/auth/google-auth-library-oauth2-http/0.20.0/google-auth-library-oauth2-http-0.20.0.jar:/usr/local/google/home/simranmalik/.m2/repository/com/google/http-client/google-http-client/1.34.2/google-http-client-1.34.2.jar:/usr/local/google/home/simranmalik/.m2/repository/org/apache/httpcomponents/httpclient/4.5.12/httpclient-4.5.12.jar:/usr/local/google/home/simranmalik/.m2/repository/commons-codec/commons-codec/1.14/commons-codec-1.14.jar:/usr/local/google/home/simranmalik/.m2/repository/org/apache/httpcomponents/httpcore/4.4.13/httpcore-4.4.13.jar:/usr/local/google/home/simranmalik/.m2/repository/com/google/j2objc/j2objc-annotations/1.3/j2objc-annotations-1.3.jar:/usr/local/google/home/simranmalik/.m2/repository/io/opencensus/opencensus-contrib-http-util/0.24.0/opencensus-contrib-http-util-0.24.0.jar:/usr/local/google/home/simranmalik/.m2/repository/com/google/api/grpc/proto-google-cloud-spanner-admin-instance-v1/1.49.2/proto-google-cloud-spanner-admin-instance-v1-1.49.2.jar:/usr/local/google/home/simranmalik/.m2/repository/com/google/api/grpc/proto-google-cloud-spanner-v1/1.49.2/proto-google-cloud-spanner-v1-1.49.2.jar:/usr/local/google/home/simranmalik/.m2/repository/com/google/api/grpc/proto-google-cloud-spanner-admin-database-v1/1.49.2/proto-google-cloud-spanner-admin-database-v1-1.49.2.jar:/usr/local/google/home/simranmalik/.m2/repository/com/google/guava/guava/28.2-android/guava-28.2-android.jar:/usr/local/google/home/simranmalik/.m2/repository/com/google/guava/failureaccess/1.0.1/failureaccess-1.0.1.jar:/usr/local/google/home/simranmalik/.m2/repository/com/google/guava/listenablefuture/9999.0-empty-to-avoid-conflict-with-guava/listenablefuture-9999.0-empty-to-avoid-conflict-with-guava.jar:/usr/local/google/home/simranmalik/.m2/repository/org/checkerframework/checker-compat-qual/2.5.5/checker-compat-qual-2.5.5.jar:/usr/local/google/home/simranmalik/.m2/repository/com/google/api/gax/1.54.0/gax-1.54.0.jar:/usr/local/google/home/simranmalik/.m2/repository/com/google/api/gax-grpc/1.54.0/gax-grpc-1.54.0.jar:/usr/local/google/home/simranmalik/.m2/repository/io/grpc/grpc-alts/1.27.2/grpc-alts-1.27.2.jar:/usr/local/google/home/simranmalik/.m2/repository/io/grpc/grpc-grpclb/1.27.2/grpc-grpclb-1.27.2.jar:/usr/local/google/home/simranmalik/.m2/repository/org/apache/commons/commons-lang3/3.10/commons-lang3-3.10.jar:/usr/local/google/home/simranmalik/.m2/repository/org/conscrypt/conscrypt-openjdk-uber/2.2.1/conscrypt-openjdk-uber-2.2.1.jar:/usr/local/google/home/simranmalik/.m2/repository/org/threeten/threetenbp/1.4.1/threetenbp-1.4.1.jar:/usr/local/google/home/simranmalik/.m2/repository/com/google/code/findbugs/jsr305/3.0.2/jsr305-3.0.2.jar:/usr/local/google/home/simranmalik/.m2/repository/javax/annotation/javax.annotation-api/1.3.2/javax.annotation-api-1.3.2.jar:/usr/local/google/home/simranmalik/.m2/repository/org/springframework/data/spring-data-commons/2.3.0.RELEASE/spring-data-commons-2.3.0.RELEASE.jar:/usr/local/google/home/simranmalik/.m2/repository/org/springframework/spring-tx/5.2.6.RELEASE/spring-tx-5.2.6.RELEASE.jar:/usr/local/google/home/simranmalik/.m2/repository/org/slf4j/slf4j-api/1.7.30/slf4j-api-1.7.30.jar:"/>
    <property name="java.vm.vendor" value="Debian"/>
    <property name="sun.arch.data.model" value="64"/>
    <property name="java.vendor.url" value="https://tracker.debian.org/openjdk-11"/>
    <property name="user.timezone" value=""/>
    <property name="java.vm.specification.version" value="11"/>
    <property name="os.name" value="Linux"/>
    <property name="sun.java.launcher" value="SUN_STANDARD"/>
    <property name="user.country" value="US"/>
    <property name="sun.boot.library.path" value="/usr/lib/jvm/java-11-openjdk-amd64/lib"/>
    <property name="sun.java.command" value="/usr/local/google/home/simranmalik/PaisaChatApp/chat-service-on-gcp/target/surefire/surefirebooter11354811655191524727.jar /usr/local/google/home/simranmalik/PaisaChatApp/chat-service-on-gcp/target/surefire 2020-06-06T14-09-24_057-jvmRun1 surefire2432695918912988368tmp surefire_04188316626895553348tmp"/>
    <property name="jdk.debug" value="release"/>
    <property name="surefire.test.class.path" value="/usr/local/google/home/simranmalik/PaisaChatApp/chat-service-on-gcp/target/test-classes:/usr/local/google/home/simranmalik/PaisaChatApp/chat-service-on-gcp/target/classes:/usr/local/google/home/simranmalik/.m2/repository/org/springframework/boot/spring-boot-starter-web/2.3.0.RELEASE/spring-boot-starter-web-2.3.0.RELEASE.jar:/usr/local/google/home/simranmalik/.m2/repository/org/springframework/boot/spring-boot-starter/2.3.0.RELEASE/spring-boot-starter-2.3.0.RELEASE.jar:/usr/local/google/home/simranmalik/.m2/repository/org/springframework/boot/spring-boot/2.3.0.RELEASE/spring-boot-2.3.0.RELEASE.jar:/usr/local/google/home/simranmalik/.m2/repository/org/springframework/boot/spring-boot-autoconfigure/2.3.0.RELEASE/spring-boot-autoconfigure-2.3.0.RELEASE.jar:/usr/local/google/home/simranmalik/.m2/repository/org/springframework/boot/spring-boot-starter-logging/2.3.0.RELEASE/spring-boot-starter-logging-2.3.0.RELEASE.jar:/usr/local/google/home/simranmalik/.m2/repository/ch/qos/logback/logback-classic/1.2.3/logback-classic-1.2.3.jar:/usr/local/google/home/simranmalik/.m2/repository/ch/qos/logback/logback-core/1.2.3/logback-core-1.2.3.jar:/usr/local/google/home/simranmalik/.m2/repository/org/apache/logging/log4j/log4j-to-slf4j/2.13.2/log4j-to-slf4j-2.13.2.jar:/usr/local/google/home/simranmalik/.m2/repository/org/apache/logging/log4j/log4j-api/2.13.2/log4j-api-2.13.2.jar:/usr/local/google/home/simranmalik/.m2/repository/org/slf4j/jul-to-slf4j/1.7.30/jul-to-slf4j-1.7.30.jar:/usr/local/google/home/simranmalik/.m2/repository/jakarta/annotation/jakarta.annotation-api/1.3.5/jakarta.annotation-api-1.3.5.jar:/usr/local/google/home/simranmalik/.m2/repository/org/yaml/snakeyaml/1.26/snakeyaml-1.26.jar:/usr/local/google/home/simranmalik/.m2/repository/org/springframework/boot/spring-boot-starter-json/2.3.0.RELEASE/spring-boot-starter-json-2.3.0.RELEASE.jar:/usr/local/google/home/simranmalik/.m2/repository/com/fasterxml/jackson/core/jackson-databind/2.11.0/jackson-databind-2.11.0.jar:/usr/local/google/home/simranmalik/.m2/repository/com/fasterxml/jackson/core/jackson-annotations/2.11.0/jackson-annotations-2.11.0.jar:/usr/local/google/home/simranmalik/.m2/repository/com/fasterxml/jackson/core/jackson-core/2.11.0/jackson-core-2.11.0.jar:/usr/local/google/home/simranmalik/.m2/repository/com/fasterxml/jackson/datatype/jackson-datatype-jdk8/2.11.0/jackson-datatype-jdk8-2.11.0.jar:/usr/local/google/home/simranmalik/.m2/repository/com/fasterxml/jackson/datatype/jackson-datatype-jsr310/2.11.0/jackson-datatype-jsr310-2.11.0.jar:/usr/local/google/home/simranmalik/.m2/repository/com/fasterxml/jackson/module/jackson-module-parameter-names/2.11.0/jackson-module-parameter-names-2.11.0.jar:/usr/local/google/home/simranmalik/.m2/repository/org/springframework/boot/spring-boot-starter-tomcat/2.3.0.RELEASE/spring-boot-starter-tomcat-2.3.0.RELEASE.jar:/usr/local/google/home/simranmalik/.m2/repository/org/apache/tomcat/embed/tomcat-embed-core/9.0.35/tomcat-embed-core-9.0.35.jar:/usr/local/google/home/simranmalik/.m2/repository/org/glassfish/jakarta.el/3.0.3/jakarta.el-3.0.3.jar:/usr/local/google/home/simranmalik/.m2/repository/org/apache/tomcat/embed/tomcat-embed-websocket/9.0.35/tomcat-embed-websocket-9.0.35.jar:/usr/local/google/home/simranmalik/.m2/repository/org/springframework/spring-web/5.2.6.RELEASE/spring-web-5.2.6.RELEASE.jar:/usr/local/google/home/simranmalik/.m2/repository/org/springframework/spring-beans/5.2.6.RELEASE/spring-beans-5.2.6.RELEASE.jar:/usr/local/google/home/simranmalik/.m2/repository/org/springframework/spring-webmvc/5.2.6.RELEASE/spring-webmvc-5.2.6.RELEASE.jar:/usr/local/google/home/simranmalik/.m2/repository/org/springframework/spring-aop/5.2.6.RELEASE/spring-aop-5.2.6.RELEASE.jar:/usr/local/google/home/simranmalik/.m2/repository/org/springframework/spring-context/5.2.6.RELEASE/spring-context-5.2.6.RELEASE.jar:/usr/local/google/home/simranmalik/.m2/repository/org/springframework/spring-expression/5.2.6.RELEASE/spring-expression-5.2.6.RELEASE.jar:/usr/local/google/home/simranmalik/.m2/repository/org/springframework/boot/spring-boot-starter-test/2.3.0.RELEASE/spring-boot-starter-test-2.3.0.RELEASE.jar:/usr/local/google/home/simranmalik/.m2/repository/org/springframework/boot/spring-boot-test/2.3.0.RELEASE/spring-boot-test-2.3.0.RELEASE.jar:/usr/local/google/home/simranmalik/.m2/repository/org/springframework/boot/spring-boot-test-autoconfigure/2.3.0.RELEASE/spring-boot-test-autoconfigure-2.3.0.RELEASE.jar:/usr/local/google/home/simranmalik/.m2/repository/com/jayway/jsonpath/json-path/2.4.0/json-path-2.4.0.jar:/usr/local/google/home/simranmalik/.m2/repository/net/minidev/json-smart/2.3/json-smart-2.3.jar:/usr/local/google/home/simranmalik/.m2/repository/net/minidev/accessors-smart/1.2/accessors-smart-1.2.jar:/usr/local/google/home/simranmalik/.m2/repository/org/ow2/asm/asm/5.0.4/asm-5.0.4.jar:/usr/local/google/home/simranmalik/.m2/repository/jakarta/xml/bind/jakarta.xml.bind-api/2.3.3/jakarta.xml.bind-api-2.3.3.jar:/usr/local/google/home/simranmalik/.m2/repository/jakarta/activation/jakarta.activation-api/1.2.2/jakarta.activation-api-1.2.2.jar:/usr/local/google/home/simranmalik/.m2/repository/org/assertj/assertj-core/3.16.1/assertj-core-3.16.1.jar:/usr/local/google/home/simranmalik/.m2/repository/org/hamcrest/hamcrest/2.2/hamcrest-2.2.jar:/usr/local/google/home/simranmalik/.m2/repository/org/junit/jupiter/junit-jupiter/5.6.2/junit-jupiter-5.6.2.jar:/usr/local/google/home/simranmalik/.m2/repository/org/junit/jupiter/junit-jupiter-api/5.6.2/junit-jupiter-api-5.6.2.jar:/usr/local/google/home/simranmalik/.m2/repository/org/apiguardian/apiguardian-api/1.1.0/apiguardian-api-1.1.0.jar:/usr/local/google/home/simranmalik/.m2/repository/org/opentest4j/opentest4j/1.2.0/opentest4j-1.2.0.jar:/usr/local/google/home/simranmalik/.m2/repository/org/junit/platform/junit-platform-commons/1.6.2/junit-platform-commons-1.6.2.jar:/usr/local/google/home/simranmalik/.m2/repository/org/junit/jupiter/junit-jupiter-params/5.6.2/junit-jupiter-params-5.6.2.jar:/usr/local/google/home/simranmalik/.m2/repository/org/junit/jupiter/junit-jupiter-engine/5.6.2/junit-jupiter-engine-5.6.2.jar:/usr/local/google/home/simranmalik/.m2/repository/org/junit/platform/junit-platform-engine/1.6.2/junit-platform-engine-1.6.2.jar:/usr/local/google/home/simranmalik/.m2/repository/org/mockito/mockito-core/3.3.3/mockito-core-3.3.3.jar:/usr/local/google/home/simranmalik/.m2/repository/net/bytebuddy/byte-buddy/1.10.10/byte-buddy-1.10.10.jar:/usr/local/google/home/simranmalik/.m2/repository/net/bytebuddy/byte-buddy-agent/1.10.10/byte-buddy-agent-1.10.10.jar:/usr/local/google/home/simranmalik/.m2/repository/org/objenesis/objenesis/2.6/objenesis-2.6.jar:/usr/local/google/home/simranmalik/.m2/repository/org/mockito/mockito-junit-jupiter/3.3.3/mockito-junit-jupiter-3.3.3.jar:/usr/local/google/home/simranmalik/.m2/repository/org/skyscreamer/jsonassert/1.5.0/jsonassert-1.5.0.jar:/usr/local/google/home/simranmalik/.m2/repository/com/vaadin/external/google/android-json/0.0.20131108.vaadin1/android-json-0.0.20131108.vaadin1.jar:/usr/local/google/home/simranmalik/.m2/repository/org/springframework/spring-core/5.2.6.RELEASE/spring-core-5.2.6.RELEASE.jar:/usr/local/google/home/simranmalik/.m2/repository/org/springframework/spring-jcl/5.2.6.RELEASE/spring-jcl-5.2.6.RELEASE.jar:/usr/local/google/home/simranmalik/.m2/repository/org/springframework/spring-test/5.2.6.RELEASE/spring-test-5.2.6.RELEASE.jar:/usr/local/google/home/simranmalik/.m2/repository/org/xmlunit/xmlunit-core/2.7.0/xmlunit-core-2.7.0.jar:/usr/local/google/home/simranmalik/.m2/repository/org/springframework/cloud/spring-cloud-gcp-starter-data-spanner/1.2.2.RELEASE/spring-cloud-gcp-starter-data-spanner-1.2.2.RELEASE.jar:/usr/local/google/home/simranmalik/.m2/repository/org/springframework/cloud/spring-cloud-gcp-starter/1.2.2.RELEASE/spring-cloud-gcp-starter-1.2.2.RELEASE.jar:/usr/local/google/home/simranmalik/.m2/repository/org/springframework/cloud/spring-cloud-gcp-core/1.2.2.RELEASE/spring-cloud-gcp-core-1.2.2.RELEASE.jar:/usr/local/google/home/simranmalik/.m2/repository/com/google/cloud/google-cloud-core/1.93.0/google-cloud-core-1.93.0.jar:/usr/local/google/home/simranmalik/.m2/repository/com/google/auto/value/auto-value-annotations/1.7/auto-value-annotations-1.7.jar:/usr/local/google/home/simranmalik/.m2/repository/com/google/auth/google-auth-library-credentials/0.20.0/google-auth-library-credentials-0.20.0.jar:/usr/local/google/home/simranmalik/.m2/repository/com/google/http-client/google-http-client-jackson2/1.34.2/google-http-client-jackson2-1.34.2.jar:/usr/local/google/home/simranmalik/.m2/repository/org/springframework/cloud/spring-cloud-gcp-autoconfigure/1.2.2.RELEASE/spring-cloud-gcp-autoconfigure-1.2.2.RELEASE.jar:/usr/local/google/home/simranmalik/.m2/repository/org/springframework/cloud/spring-cloud-gcp-data-spanner/1.2.2.RELEASE/spring-cloud-gcp-data-spanner-1.2.2.RELEASE.jar:/usr/local/google/home/simranmalik/.m2/repository/com/google/cloud/google-cloud-spanner/1.49.2/google-cloud-spanner-1.49.2.jar:/usr/local/google/home/simranmalik/.m2/repository/io/grpc/grpc-api/1.27.2/grpc-api-1.27.2.jar:/usr/local/google/home/simranmalik/.m2/repository/com/google/errorprone/error_prone_annotations/2.3.4/error_prone_annotations-2.3.4.jar:/usr/local/google/home/simranmalik/.m2/repository/org/codehaus/mojo/animal-sniffer-annotations/1.18/animal-sniffer-annotations-1.18.jar:/usr/local/google/home/simranmalik/.m2/repository/io/grpc/grpc-auth/1.27.2/grpc-auth-1.27.2.jar:/usr/local/google/home/simranmalik/.m2/repository/io/grpc/grpc-context/1.27.2/grpc-context-1.27.2.jar:/usr/local/google/home/simranmalik/.m2/repository/io/grpc/grpc-core/1.27.2/grpc-core-1.27.2.jar:/usr/local/google/home/simranmalik/.m2/repository/com/google/code/gson/gson/2.8.6/gson-2.8.6.jar:/usr/local/google/home/simranmalik/.m2/repository/com/google/android/annotations/4.1.1.4/annotations-4.1.1.4.jar:/usr/local/google/home/simranmalik/.m2/repository/io/perfmark/perfmark-api/0.19.0/perfmark-api-0.19.0.jar:/usr/local/google/home/simranmalik/.m2/repository/io/grpc/grpc-netty-shaded/1.27.2/grpc-netty-shaded-1.27.2.jar:/usr/local/google/home/simranmalik/.m2/repository/io/grpc/grpc-protobuf/1.27.2/grpc-protobuf-1.27.2.jar:/usr/local/google/home/simranmalik/.m2/repository/io/grpc/grpc-protobuf-lite/1.27.2/grpc-protobuf-lite-1.27.2.jar:/usr/local/google/home/simranmalik/.m2/repository/io/grpc/grpc-stub/1.27.2/grpc-stub-1.27.2.jar:/usr/local/google/home/simranmalik/.m2/repository/com/google/api/api-common/1.8.1/api-common-1.8.1.jar:/usr/local/google/home/simranmalik/.m2/repository/com/google/protobuf/protobuf-java/3.11.4/protobuf-java-3.11.4.jar:/usr/local/google/home/simranmalik/.m2/repository/com/google/protobuf/protobuf-java-util/3.11.4/protobuf-java-util-3.11.4.jar:/usr/local/google/home/simranmalik/.m2/repository/com/google/api/grpc/proto-google-common-protos/1.17.0/proto-google-common-protos-1.17.0.jar:/usr/local/google/home/simranmalik/.m2/repository/com/google/api/grpc/grpc-google-common-protos/1.17.0/grpc-google-common-protos-1.17.0.jar:/usr/local/google/home/simranmalik/.m2/repository/com/google/api/grpc/proto-google-iam-v1/0.13.0/proto-google-iam-v1-0.13.0.jar:/usr/local/google/home/simranmalik/.m2/repository/com/google/cloud/google-cloud-core-grpc/1.93.0/google-cloud-core-grpc-1.93.0.jar:/usr/local/google/home/simranmalik/.m2/repository/io/opencensus/opencensus-api/0.24.0/opencensus-api-0.24.0.jar:/usr/local/google/home/simranmalik/.m2/repository/io/opencensus/opencensus-contrib-grpc-util/0.24.0/opencensus-contrib-grpc-util-0.24.0.jar:/usr/local/google/home/simranmalik/.m2/repository/com/google/auth/google-auth-library-oauth2-http/0.20.0/google-auth-library-oauth2-http-0.20.0.jar:/usr/local/google/home/simranmalik/.m2/repository/com/google/http-client/google-http-client/1.34.2/google-http-client-1.34.2.jar:/usr/local/google/home/simranmalik/.m2/repository/org/apache/httpcomponents/httpclient/4.5.12/httpclient-4.5.12.jar:/usr/local/google/home/simranmalik/.m2/repository/commons-codec/commons-codec/1.14/commons-codec-1.14.jar:/usr/local/google/home/simranmalik/.m2/repository/org/apache/httpcomponents/httpcore/4.4.13/httpcore-4.4.13.jar:/usr/local/google/home/simranmalik/.m2/repository/com/google/j2objc/j2objc-annotations/1.3/j2objc-annotations-1.3.jar:/usr/local/google/home/simranmalik/.m2/repository/io/opencensus/opencensus-contrib-http-util/0.24.0/opencensus-contrib-http-util-0.24.0.jar:/usr/local/google/home/simranmalik/.m2/repository/com/google/api/grpc/proto-google-cloud-spanner-admin-instance-v1/1.49.2/proto-google-cloud-spanner-admin-instance-v1-1.49.2.jar:/usr/local/google/home/simranmalik/.m2/repository/com/google/api/grpc/proto-google-cloud-spanner-v1/1.49.2/proto-google-cloud-spanner-v1-1.49.2.jar:/usr/local/google/home/simranmalik/.m2/repository/com/google/api/grpc/proto-google-cloud-spanner-admin-database-v1/1.49.2/proto-google-cloud-spanner-admin-database-v1-1.49.2.jar:/usr/local/google/home/simranmalik/.m2/repository/com/google/guava/guava/28.2-android/guava-28.2-android.jar:/usr/local/google/home/simranmalik/.m2/repository/com/google/guava/failureaccess/1.0.1/failureaccess-1.0.1.jar:/usr/local/google/home/simranmalik/.m2/repository/com/google/guava/listenablefuture/9999.0-empty-to-avoid-conflict-with-guava/listenablefuture-9999.0-empty-to-avoid-conflict-with-guava.jar:/usr/local/google/home/simranmalik/.m2/repository/org/checkerframework/checker-compat-qual/2.5.5/checker-compat-qual-2.5.5.jar:/usr/local/google/home/simranmalik/.m2/repository/com/google/api/gax/1.54.0/gax-1.54.0.jar:/usr/local/google/home/simranmalik/.m2/repository/com/google/api/gax-grpc/1.54.0/gax-grpc-1.54.0.jar:/usr/local/google/home/simranmalik/.m2/repository/io/grpc/grpc-alts/1.27.2/grpc-alts-1.27.2.jar:/usr/local/google/home/simranmalik/.m2/repository/io/grpc/grpc-grpclb/1.27.2/grpc-grpclb-1.27.2.jar:/usr/local/google/home/simranmalik/.m2/repository/org/apache/commons/commons-lang3/3.10/commons-lang3-3.10.jar:/usr/local/google/home/simranmalik/.m2/repository/org/conscrypt/conscrypt-openjdk-uber/2.2.1/conscrypt-openjdk-uber-2.2.1.jar:/usr/local/google/home/simranmalik/.m2/repository/org/threeten/threetenbp/1.4.1/threetenbp-1.4.1.jar:/usr/local/google/home/simranmalik/.m2/repository/com/google/code/findbugs/jsr305/3.0.2/jsr305-3.0.2.jar:/usr/local/google/home/simranmalik/.m2/repository/javax/annotation/javax.annotation-api/1.3.2/javax.annotation-api-1.3.2.jar:/usr/local/google/home/simranmalik/.m2/repository/org/springframework/data/spring-data-commons/2.3.0.RELEASE/spring-data-commons-2.3.0.RELEASE.jar:/usr/local/google/home/simranmalik/.m2/repository/org/springframework/spring-tx/5.2.6.RELEASE/spring-tx-5.2.6.RELEASE.jar:/usr/local/google/home/simranmalik/.m2/repository/org/slf4j/slf4j-api/1.7.30/slf4j-api-1.7.30.jar:"/>
    <property name="sun.cpu.endian" value="little"/>
    <property name="user.home" value="/usr/local/google/home/simranmalik"/>
    <property name="user.language" value="en"/>
    <property name="java.specification.vendor" value="Oracle Corporation"/>
    <property name="java.version.date" value="2020-04-14"/>
    <property name="java.home" value="/usr/lib/jvm/java-11-openjdk-amd64"/>
    <property name="file.separator" value="/"/>
    <property name="basedir" value="/usr/local/google/home/simranmalik/PaisaChatApp/chat-service-on-gcp"/>
    <property name="java.vm.compressedOopsMode" value="Zero based"/>
    <property name="line.separator" value="&#10;"/>
    <property name="java.specification.name" value="Java Platform API Specification"/>
    <property name="java.vm.specification.vendor" value="Oracle Corporation"/>
    <property name="java.awt.graphicsenv" value="sun.awt.X11GraphicsEnvironment"/>
    <property name="surefire.real.class.path" value="/usr/local/google/home/simranmalik/PaisaChatApp/chat-service-on-gcp/target/surefire/surefirebooter11354811655191524727.jar"/>
    <property name="sun.management.compiler" value="HotSpot 64-Bit Tiered Compilers"/>
    <property name="java.runtime.version" value="11.0.7+10-post-Debian-3deb10u1"/>
    <property name="user.name" value="simranmalik"/>
    <property name="path.separator" value=":"/>
    <property name="os.version" value="5.5.17-1rodete4-amd64"/>
    <property name="java.runtime.name" value="OpenJDK Runtime Environment"/>
    <property name="file.encoding" value="UTF-8"/>
    <property name="java.vm.name" value="OpenJDK 64-Bit Server VM"/>
    <property name="localRepository" value="/usr/local/google/home/simranmalik/.m2/repository"/>
    <property name="java.vendor.url.bug" value="https://bugs.debian.org/openjdk-11"/>
    <property name="java.io.tmpdir" value="/tmp"/>
    <property name="java.version" value="11.0.7"/>
    <property name="user.dir" value="/usr/local/google/home/simranmalik/PaisaChatApp/chat-service-on-gcp"/>
    <property name="os.arch" value="amd64"/>
    <property name="java.vm.specification.name" value="Java Virtual Machine Specification"/>
    <property name="java.awt.printerjob" value="sun.print.PSPrinterJob"/>
    <property name="sun.os.patch.level" value="unknown"/>
    <property name="java.library.path" value="/usr/lib/mesa-diverted/x86_64-linux-gnu:/usr/lib/x86_64-linux-gnu/mesa:/usr/lib/x86_64-linux-gnu/dri:/usr/lib/x86_64-linux-gnu/gallium-pipe:/usr/java/packages/lib:/usr/lib/x86_64-linux-gnu/jni:/lib/x86_64-linux-gnu:/usr/lib/x86_64-linux-gnu:/usr/lib/jni:/lib:/usr/lib"/>
    <property name="java.vendor" value="Debian"/>
    <property name="java.vm.info" value="mixed mode, sharing"/>
    <property name="java.vm.version" value="11.0.7+10-post-Debian-3deb10u1"/>
    <property name="sun.io.unicode.encoding" value="UnicodeLittle"/>
    <property name="java.class.version" value="55.0"/>
  </properties>
  <testcase name="contextLoads" classname="Main.TestClass" time="0.355"/>
</testsuite>